time="2020-03-04T00:03:40+09:00" level=info msg="new dector"
time="2020-03-04T00:03:41+09:00" level=info msg="detect and set the word: apple"
time="2020-03-04T00:03:42+09:00" level=info msg="new dector"
time="2020-03-04T00:03:45+09:00" level=info msg="detect and set the word: "
time="2020-03-04T00:03:46+09:00" level=info msg="new dector"
time="2020-03-04T00:03:46+09:00" level=info msg="exit dector"
time="2020-03-04T00:30:51+09:00" level=info msg="new switcher"
time="2020-03-04T00:30:53+09:00" level=info msg="exit dector"
time="2020-03-04T00:30:54+09:00" level=info msg="new dector"
time="2020-03-04T00:30:54+09:00" level=info msg="exit dector"
time="2020-03-04T00:30:55+09:00" level=info msg="new switcher"
time="2020-03-04T00:30:56+09:00" level=info msg="exit dector"
time="2020-03-04T00:31:24+09:00" level=info msg="new switcher"
time="2020-03-04T00:32:12+09:00" level=info msg="new dector"
time="2020-03-04T00:32:15+09:00" level=info msg="detect and set the word: bana"
time="2020-03-04T00:32:18+09:00" level=info msg="new dector"
time="2020-03-04T00:32:20+09:00" level=info msg="exit dector"
time="2020-03-04T00:32:21+09:00" level=info msg="new switcher"
time="2020-03-04T00:32:24+09:00" level=warning msg="couldn't switch service: %sthere is no service: apple"
time="2020-03-04T00:34:40+09:00" level=info msg="new dector"
time="2020-03-04T00:34:41+09:00" level=info msg="detect and set the word: apple"
time="2020-03-04T00:34:44+09:00" level=info msg="new switcher"
time="2020-03-04T00:34:48+09:00" level=warning msg="couldn't switch service: %sthere is no service: zoo"
time="2020-03-04T00:34:51+09:00" level=info msg="new dector"
time="2020-03-04T00:34:51+09:00" level=info msg="exit dector"
time="2020-03-04T00:34:53+09:00" level=info msg="new dector"
time="2020-03-04T00:34:54+09:00" level=info msg="exit dector"
time="2020-03-04T00:34:59+09:00" level=info msg="new switcher"
time="2020-03-04T00:35:01+09:00" level=info msg="exit switcher"
time="2020-03-04T00:36:59+09:00" level=info msg="new dector"
time="2020-03-04T00:37:00+09:00" level=info msg="exit dector"
time="2020-03-04T00:37:00+09:00" level=info msg="new switcher"
time="2020-03-04T00:37:03+09:00" level=warning msg="couldn't switch service: %sthere is no service: hello"
time="2020-03-04T00:37:05+09:00" level=info msg="new switcher"
time="2020-03-04T00:37:06+09:00" level=warning msg="couldn't switch service: %sthere is no service: heoo"
time="2020-03-04T00:37:23+09:00" level=info msg="new dector"
time="2020-03-04T00:37:25+09:00" level=info msg="detect and set the word: apple"
time="2020-03-04T00:37:27+09:00" level=info msg="new dector"
time="2020-03-04T00:37:28+09:00" level=info msg="exit dector"
time="2020-03-04T00:37:29+09:00" level=info msg="new switcher"
time="2020-03-04T00:37:35+09:00" level=info msg="exit switcher"
time="2020-03-04T00:37:38+09:00" level=info msg="new switcher"
time="2020-03-04T00:37:39+09:00" level=info msg="exit switcher"
time="2020-03-04T00:37:52+09:00" level=info msg="new dector"
time="2020-03-04T00:37:55+09:00" level=info msg="detect and set the word: apple"
time="2020-03-04T00:37:56+09:00" level=info msg="new switcher"
time="2020-03-04T00:37:58+09:00" level=warning msg="couldn't switch service: %sthere is no service: apple"
time="2020-03-04T00:38:00+09:00" level=info msg="new switcher"
time="2020-03-04T00:39:06+09:00" level=info msg="new dector"
time="2020-03-04T00:39:09+09:00" level=info msg="detect and set the word: b"
time="2020-03-04T00:39:10+09:00" level=info msg="new dector"
time="2020-03-04T00:39:11+09:00" level=info msg="exit dector"
time="2020-03-04T00:39:12+09:00" level=info msg="new dector"
time="2020-03-04T00:39:13+09:00" level=info msg="detect and set the word: b"
time="2020-03-04T00:39:14+09:00" level=info msg="new dector"
time="2020-03-04T00:39:54+09:00" level=info msg="new dector"
time="2020-03-04T00:39:55+09:00" level=info msg="detect and set the word: ba"
time="2020-03-04T00:39:56+09:00" level=info msg="new dector"
time="2020-03-04T00:41:10+09:00" level=info msg="new dector"
time="2020-03-04T00:41:11+09:00" level=info msg="detect and set the word: app"
time="2020-03-04T00:41:11+09:00" level=info msg="new dector"
time="2020-03-04T00:41:12+09:00" level=info msg="exit dector"
time="2020-03-04T00:41:14+09:00" level=info msg="new dector"
time="2020-03-04T00:41:15+09:00" level=info msg="detect and set the word: coo"
time="2020-03-04T00:41:19+09:00" level=info msg="new dector"
time="2020-03-04T00:41:19+09:00" level=info msg="exit dector"
time="2020-03-04T00:41:21+09:00" level=info msg="new switcher"
time="2020-03-04T00:41:23+09:00" level=warning msg="couldn't switch service: %sthere is no service: apple"
time="2020-03-04T00:41:28+09:00" level=info msg="new switcher"
time="2020-03-04T00:41:29+09:00" level=info msg="exit switcher"
time="2020-03-04T00:41:30+09:00" level=info msg="new switcher"
time="2020-03-04T00:41:32+09:00" level=warning msg="couldn't switch service: %sthere is no service: ap"
time="2020-03-04T00:41:34+09:00" level=info msg="new switcher"
time="2020-03-04T00:41:36+09:00" level=info msg="exit switcher"
time="2020-03-04T00:42:48+09:00" level=info msg="new switcher"
time="2020-03-04T00:42:52+09:00" level=info msg="exit switcher"
time="2020-03-04T00:42:56+09:00" level=info msg="new switcher"
time="2020-03-04T00:42:57+09:00" level=info msg="exit switcher"
time="2020-03-04T00:43:00+09:00" level=info msg="new switcher"
time="2020-03-04T00:43:01+09:00" level=info msg="exit switcher"
time="2020-03-04T00:43:32+09:00" level=info msg="new switcher"
time="2020-03-04T00:43:34+09:00" level=warning msg="couldn't switch service: %sthere is no service: hello"
time="2020-03-04T00:43:36+09:00" level=info msg="new switcher"
time="2020-03-04T00:43:39+09:00" level=info msg="switch the service"
time="2020-03-04T00:43:42+09:00" level=info msg="new switcher"
time="2020-03-04T00:43:43+09:00" level=warning msg="couldn't switch service: %sthere is no service: zoo"
time="2020-03-04T00:43:44+09:00" level=info msg="new switcher"
time="2020-03-04T00:43:46+09:00" level=warning msg="couldn't switch service: %sthere is no service: zoo"
time="2020-03-04T00:43:57+09:00" level=info msg="new switcher"
time="2020-03-04T00:43:58+09:00" level=warning msg="couldn't switch service: %sthere is no service: zoo"
time="2020-03-04T00:44:57+09:00" level=info msg="new dector"
time="2020-03-04T00:45:03+09:00" level=info msg="detect and set the word: hello"
time="2020-03-04T00:45:06+09:00" level=info msg="new dector"
time="2020-03-04T00:45:06+09:00" level=info msg="exit dector"
time="2020-03-04T00:45:23+09:00" level=info msg="new dector"
time="2020-03-04T00:45:27+09:00" level=info msg="detect and set the word: hello"
time="2020-03-04T00:45:29+09:00" level=info msg="new dector"
time="2020-03-04T00:45:30+09:00" level=info msg="exit dector"
time="2020-03-04T00:45:42+09:00" level=info msg="new switcher"
time="2020-03-04T00:45:48+09:00" level=warning msg="couldn't switch service: %sthere is no service: foo"
time="2020-03-04T00:45:56+09:00" level=info msg="new dector"
time="2020-03-04T00:45:57+09:00" level=info msg="exit dector"
time="2020-03-04T00:45:58+09:00" level=info msg="new switcher"
time="2020-03-04T00:45:59+09:00" level=info msg="exit switcher"
time="2020-03-04T00:46:00+09:00" level=info msg="new switcher"
time="2020-03-04T00:46:01+09:00" level=warning msg="couldn't switch service: %sthere is no service: hello"
time="2020-03-04T00:47:13+09:00" level=info msg="new switcher"
time="2020-03-04T00:47:32+09:00" level=info msg="new switcher"
time="2020-03-04T00:47:35+09:00" level=warning msg="couldn't switch service: %sthere is no service: hello"
time="2020-03-04T00:47:38+09:00" level=info msg="new dector"
time="2020-03-04T00:47:40+09:00" level=info msg="detect and set the word: hello"
time="2020-03-04T00:47:42+09:00" level=info msg="new dector"
time="2020-03-04T00:47:42+09:00" level=info msg="exit dector"
time="2020-03-04T00:48:11+09:00" level=info msg="new switcher"
time="2020-03-04T00:48:15+09:00" level=info msg="exit switcher"
time="2020-03-04T00:48:17+09:00" level=info msg="new switcher"
time="2020-03-04T00:48:17+09:00" level=info msg="exit switcher"
time="2020-03-04T00:48:25+09:00" level=info msg="new switcher"
time="2020-03-04T00:48:26+09:00" level=info msg="exit switcher"
time="2020-03-04T00:48:33+09:00" level=info msg="new dector"
time="2020-03-04T00:48:35+09:00" level=info msg="exit dector"
time="2020-03-04T00:48:35+09:00" level=info msg="new switcher"
time="2020-03-04T00:48:37+09:00" level=warning msg="couldn't switch service: %sthere is no service: hello"
time="2020-03-04T00:49:09+09:00" level=info msg="new switcher"
time="2020-03-04T00:49:14+09:00" level=info msg="exit switcher"
time="2020-03-04T00:49:43+09:00" level=info msg="new switcher"
time="2020-03-04T00:49:47+09:00" level=info msg="exit switcher"
time="2020-03-04T00:49:47+09:00" level=info msg="new dector"
time="2020-03-04T00:49:49+09:00" level=info msg="exit dector"
time="2020-03-04T00:49:49+09:00" level=info msg="new switcher"
time="2020-03-04T00:49:50+09:00" level=warning msg="couldn't switch service: %sthere is no service: "
time="2020-03-04T00:49:51+09:00" level=info msg="new switcher"
time="2020-03-04T00:49:53+09:00" level=info msg="exit switcher"
time="2020-03-04T00:50:41+09:00" level=info msg="new dector"
time="2020-03-04T00:50:54+09:00" level=info msg="detect and set the word: apple"
time="2020-03-04T00:50:56+09:00" level=info msg="new dector"
time="2020-03-04T00:50:56+09:00" level=info msg="exit dector"
time="2020-03-04T00:50:58+09:00" level=info msg="new switcher"
time="2020-03-04T00:51:01+09:00" level=warning msg="couldn't switch service: %sthere is no service: zoo"
time="2020-03-04T00:51:02+09:00" level=info msg="new switcher"
time="2020-03-04T00:51:38+09:00" level=info msg="new switcher"
time="2020-03-04T00:51:39+09:00" level=info msg="switch the service"
time="2020-03-04T00:51:43+09:00" level=info msg="new switcher"
time="2020-03-04T00:51:45+09:00" level=info msg="switch the service"
time="2020-03-04T01:00:02+09:00" level=info msg="new dector"
time="2020-03-04T01:00:03+09:00" level=info msg="detect and set the word: app"
time="2020-03-04T01:00:05+09:00" level=info msg="new dector"
time="2020-03-04T01:00:27+09:00" level=info msg="new dector"
time="2020-03-04T01:00:28+09:00" level=info msg="exit dector"
time="2020-03-04T01:00:29+09:00" level=info msg="new dector"
time="2020-03-04T01:00:29+09:00" level=info msg="exit dector"
time="2020-03-04T01:00:30+09:00" level=info msg="new dector"
time="2020-03-04T01:00:31+09:00" level=info msg="detect and set the word: app"
time="2020-03-04T01:00:32+09:00" level=info msg="new dector"
time="2020-03-04T01:00:33+09:00" level=info msg="exit dector"
time="2020-03-04T01:00:35+09:00" level=info msg="new dector"
time="2020-03-04T01:00:37+09:00" level=info msg="detect and set the word: ban"
time="2020-03-04T01:00:51+09:00" level=info msg="new dector"
time="2020-03-04T01:00:53+09:00" level=info msg="exit dector"
time="2020-03-04T01:00:54+09:00" level=info msg="new dector"
time="2020-03-04T01:00:56+09:00" level=info msg="detect and set the word: e"
time="2020-03-04T01:01:00+09:00" level=info msg="new dector"
time="2020-03-04T01:01:10+09:00" level=info msg="exit dector"
time="2020-03-04T01:01:11+09:00" level=info msg="new dector"
time="2020-03-04T01:01:11+09:00" level=info msg="exit dector"
time="2020-03-04T01:01:15+09:00" level=info msg="new dector"
time="2020-03-04T01:01:18+09:00" level=info msg="detect and set the word: bana"
time="2020-03-04T01:01:19+09:00" level=info msg="new dector"
time="2020-03-04T01:02:25+09:00" level=info msg="new dector"
time="2020-03-04T01:02:28+09:00" level=info msg="detect and set the word: ba"
time="2020-03-04T01:02:30+09:00" level=info msg="new dector"
time="2020-03-04T01:02:45+09:00" level=info msg="exit dector"
time="2020-03-04T01:02:47+09:00" level=info msg="new dector"
time="2020-03-04T01:02:51+09:00" level=info msg="detect and set the word: ba"
time="2020-03-04T01:02:53+09:00" level=info msg="new dector"
time="2020-03-04T01:02:57+09:00" level=info msg="exit dector"
time="2020-03-04T01:03:04+09:00" level=info msg="new dector"
time="2020-03-04T01:03:10+09:00" level=info msg="detect and set the word: asdlkf"
time="2020-03-04T01:03:11+09:00" level=info msg="new dector"
time="2020-03-04T01:03:13+09:00" level=info msg="exit dector"
time="2020-03-04T01:03:43+09:00" level=info msg="new dector"
time="2020-03-04T01:03:46+09:00" level=info msg="detect and set the word: apple"
time="2020-03-04T01:03:50+09:00" level=info msg="new dector"
time="2020-03-04T01:04:03+09:00" level=info msg="exit dector"
time="2020-03-04T01:04:05+09:00" level=info msg="new dector"
time="2020-03-04T01:04:07+09:00" level=info msg="detect and set the word: bo"
time="2020-03-04T01:04:09+09:00" level=info msg="new dector"
time="2020-03-04T01:04:10+09:00" level=info msg="exit dector"
time="2020-03-04T01:05:28+09:00" level=info msg="new dector"
time="2020-03-04T01:05:29+09:00" level=info msg="detect and set the word: ap"
time="2020-03-04T01:05:30+09:00" level=info msg="new dector"
time="2020-03-04T01:07:46+09:00" level=info msg="new dector"
time="2020-03-04T01:07:48+09:00" level=info msg="detect and set the word: app"
time="2020-03-04T01:07:49+09:00" level=info msg="new dector"
time="2020-03-04T01:08:36+09:00" level=info msg="new dector"
time="2020-03-04T01:08:37+09:00" level=info msg="detect and set the word: ap"
time="2020-03-04T01:08:38+09:00" level=info msg="new dector"
time="2020-03-04T01:08:46+09:00" level=info msg="detect and set the word: asdkfjlkasdlkfap"
time="2020-03-04T01:08:47+09:00" level=info msg="new dector"
time="2020-03-04T01:08:48+09:00" level=info msg="exit dector"
time="2020-03-04T01:09:31+09:00" level=info msg="new dector"
time="2020-03-04T01:09:33+09:00" level=info msg="detect and set the word: cook"
time="2020-03-04T01:09:35+09:00" level=info msg="new dector"
time="2020-03-04T01:09:52+09:00" level=info msg="new dector"
time="2020-03-04T01:09:52+09:00" level=info msg="0 0"
time="2020-03-04T01:09:57+09:00" level=info msg="detect and set the word: app"
time="2020-03-04T01:10:00+09:00" level=info msg="new dector"
time="2020-03-04T01:10:00+09:00" level=info msg="0 0"
time="2020-03-04T01:13:27+09:00" level=info msg="new dector"
time="2020-03-04T01:13:28+09:00" level=info msg="detect and set the word: app"
time="2020-03-04T01:13:29+09:00" level=info msg="new dector"
time="2020-03-04T01:13:32+09:00" level=info msg="exit dector"
time="2020-03-04T01:13:33+09:00" level=info msg="new switcher"
time="2020-03-04T01:13:35+09:00" level=info msg="switch the service"
time="2020-03-04T01:13:45+09:00" level=info msg="new dector"
time="2020-03-04T01:13:46+09:00" level=info msg="detect and set the word: bee"
time="2020-03-04T01:13:47+09:00" level=info msg="new dector"
time="2020-03-04T01:13:50+09:00" level=info msg="detect and set the word: "
